<?xml version="1.0" encoding="UTF-8"?>
<!-- Generated by org.testng.reporters.JUnitReportReporter -->
<testsuite hostname="CPX-SWE7MEXEIMC" failures="0" tests="1"
	name="newpackage.WithFramework" time="77.610" errors="0"
	timestamp="2022-06-17T13:56:22 MESZ" skipped="0">
	<testcase classname="newpackage.WithFramework"
		name="TestProcessStart" time="77.610" />
	<system-out>
    <![CDATA[TestCase:recommendation_NonPrivateAltersvorsorge]]>
	</system-out>
</testsuite> <!-- newpackage.WithFramework -->
