<?xml version="1.0" encoding="UTF-8"?>
<!-- Generated by org.testng.reporters.JUnitReportReporter -->
<testsuite hostname="CPX-SWE7MEXEIMC" failures="0" tests="1" name="tests.Test_Task3_Validating_CountryLinks" time="52.982" errors="0" timestamp="2022-06-29T11:38:10 MESZ" skipped="0">
  <testcase classname="tests.Test_Task3_Validating_CountryLinks" name="task3_VerifyingCountries" time="52.982"/>
  <system-out/>
</testsuite> <!-- tests.Test_Task3_Validating_CountryLinks -->
