<?xml version="1.0" encoding="UTF-8"?>
<!-- Generated by org.testng.reporters.JUnitReportReporter -->
<testsuite hostname="CPX-SWE7MEXEIMC" failures="0" tests="2" name="tests.Test_Task2" time="260.796" errors="0" timestamp="2022-06-27T14:47:54 MESZ" skipped="0">
  <testcase classname="tests.Test_Task2" name="task2_fillContactUsForm" time="2.314"/>
  <system-out/>
  <testcase classname="tests.Test_Task2" name="task3_VerifyingCountries" time="258.482"/>
  <system-out/>
</testsuite> <!-- tests.Test_Task2 -->
