<?xml version="1.0" encoding="UTF-8"?>
<!-- Generated by org.testng.reporters.JUnitReportReporter -->
<testsuite hostname="CPX-SWE7MEXEIMC" failures="0" tests="1" name="tests.Test_Task1" time="3.924" errors="0" timestamp="2022-06-29T02:55:46 MESZ" skipped="0">
  <testcase classname="tests.Test_Task1" name="task1_validateServicesMenuSelection" time="3.924"/>
  <system-out/>
</testsuite> <!-- tests.Test_Task1 -->
