<?xml version="1.0" encoding="UTF-8"?>
<!-- Generated by org.testng.reporters.JUnitReportReporter -->
<testsuite hostname="CPX-SWE7MEXEIMC" failures="0" tests="1" name="tests.Test_Task1_HoverOver" time="6.161" errors="0" timestamp="2022-07-07T11:14:13 MESZ" skipped="0">
  <testcase classname="tests.Test_Task1_HoverOver" name="task1_validateServicesMenuSelection" time="6.161"/>
  <system-out/>
</testsuite> <!-- tests.Test_Task1_HoverOver -->
