<?xml version="1.0" encoding="UTF-8"?>
<!-- Generated by org.testng.reporters.JUnitReportReporter -->
<testsuite hostname="CPX-SWE7MEXEIMC" failures="0" tests="1"
	name="newpackage.Clark_Recommendations" time="24.959" errors="0"
	timestamp="2022-06-14T18:24:10 MESZ" skipped="0">
	<testcase classname="newpackage.Clark_Recommendations"
		name="initialize" time="24.959" />
	<system-out />
</testsuite> <!-- newpackage.Clark_Recommendations -->
